<?xml version="1.0" encoding="UTF-8"?>
<!-- Generated by org.testng.reporters.JUnitReportReporter -->
<testsuite hostname="BLR1-LMC-N89524.local" failures="0" tests="1" name="com.applicationName.modulename.test.TablePageTest" time="33.704" errors="0" timestamp="2025-08-19T22:42:21 IST" skipped="0">
  <testcase classname="com.applicationName.modulename.test.TablePageTest" name="TablePage_E2E_Test" time="33.704"/>
</testsuite> <!-- com.applicationName.modulename.test.TablePageTest -->
