<?xml version="1.0" encoding="UTF-8"?>
<!-- Generated by org.testng.reporters.JUnitReportReporter -->
<testsuite hostname="BLR1-LMC-N89524.local" failures="0" tests="2" name="com.projectmanagement.TablePage.test.TablePageTest" time="69.862" errors="0" timestamp="2025-08-22T14:53:12 IST" skipped="0">
  <testcase classname="com.projectmanagement.TablePage.test.TablePageTest" name="Test" time="19.198"/>
  <testcase classname="com.projectmanagement.TablePage.test.TablePageTest" name="TablePage_E2E_Test" time="50.664"/>
</testsuite> <!-- com.projectmanagement.TablePage.test.TablePageTest -->
