<?xml version="1.0" encoding="UTF-8"?>
<!-- Generated by org.testng.reporters.JUnitReportReporter -->
<testsuite hostname="BLR1-LMC-N89524.local" failures="0" tests="1" name="com.applicationName.modulename.test.LoginTest" time="45.210" errors="0" timestamp="2025-08-19T20:28:35 IST" skipped="0">
  <testcase classname="com.applicationName.modulename.test.LoginTest" name="validLoginTest" time="45.210"/>
</testsuite> <!-- com.applicationName.modulename.test.LoginTest -->
